[
  {
    "EventTime": "2025-10-29 12:53:10",
    "Hostname": "WIN-SRV-01.contoso.local",
    "Keywords": "-9218868437227405312",
    "EventType": "AUDIT_FAILURE",
    "SeverityValue": 2,
    "Severity": "INFO",
    "EventID": 4625,
    "SourceName": "Microsoft-Windows-Security-Auditing",
    "ProviderGuid": "{54849625-5478-4994-A5BA-3E3B0328C30D}",
    "Version": 0,
    "Task": 12544,
    "OpcodeValue": 0,
    "RecordNumber": 2000001,
    "ProcessID": 520,
    "ThreadID": 699,
    "Channel": "Security",
    "Message": "An account failed to log on",
    "Category": "Logon",
    "Opcode": "Info",
    "EventData": {
      "SubjectUserSid": "S-1-0-0",
      "SubjectUserName": "-",
      "SubjectDomainName": "-",
      "TargetUserSid": "S-1-0-0",
      "TargetUserName": "user7",
      "TargetDomainName": "CONTOSO",
      "LogonType": 3,
      "LogonProcessName": "NtLmSsp",
      "AuthenticationPackageName": "NTLM",
      "WorkstationName": "WIN-SRV-01",
      "IpAddress": "116.227.215.209",
      "IpPort": 51123,
      "FailureReason": "Bad password",
      "Status": "0xC000006D",
      "SubStatus": "0xC000006A"
    }
  },
  {
    "EventTime": "2025-10-29 12:53:25",
    "Hostname": "WIN-SRV-01.contoso.local",
    "Keywords": "-9218868437227405312",
    "EventType": "AUDIT_SUCCESS",
    "SeverityValue": 2,
    "Severity": "INFO",
    "EventID": 4624,
    "SourceName": "Microsoft-Windows-Security-Auditing",
    "ProviderGuid": "{54849625-5478-4994-A5BA-3E3B0328C30D}",
    "Version": 2,
    "Task": 12544,
    "OpcodeValue": 0,
    "RecordNumber": 2000002,
    "ProcessID": 520,
    "ThreadID": 700,
    "Channel": "Security",
    "Message": "An account was successfully logged on",
    "Category": "Logon",
    "Opcode": "Info",
    "EventData": {
      "SubjectUserSid": "S-1-0-0",
      "SubjectUserName": "-",
      "SubjectDomainName": "-",
      "TargetUserSid": "S-1-5-21-1234567890-123456789-123456789-1007",
      "TargetUserName": "user7",
      "TargetDomainName": "CONTOSO",
      "LogonType": 3,
      "LogonProcessName": "NtLmSsp",
      "AuthenticationPackageName": "NTLM",
      "WorkstationName": "WIN-SRV-01",
      "IpAddress": "116.227.215.209",
      "IpPort": 51127,
      "KeyLength": 128
    }
  },
  {
    "EventTime": "2025-10-29 12:53:40",
    "Hostname": "WIN-SRV-01.contoso.local",
    "Keywords": "-9218868437227405312",
    "EventType": "AUDIT_SUCCESS",
    "SeverityValue": 2,
    "Severity": "INFO",
    "EventID": 4672,
    "SourceName": "Microsoft-Windows-Security-Auditing",
    "ProviderGuid": "{54849625-5478-4994-A5BA-3E3B0328C30D}",
    "Version": 0,
    "Task": 12548,
    "OpcodeValue": 0,
    "RecordNumber": 2000003,
    "ProcessID": 520,
    "ThreadID": 701,
    "Channel": "Security",
    "Message": "Special privileges assigned to new logon",
    "Category": "Logon",
    "Opcode": "Info",
    "EventData": {
      "SubjectUserSid": "S-1-5-21-1234567890-123456789-123456789-1007",
      "SubjectUserName": "user7",
      "SubjectDomainName": "CONTOSO",
      "PrivilegeList": "SeDebugPrivilege, SeImpersonatePrivilege",
      "IpAddress": "116.227.215.209"
    }
  },
  {
    "EventTime": "2025-10-29 12:54:05",
    "Hostname": "WIN-SRV-01.contoso.local",
    "Keywords": "-9218868437227405312",
    "EventType": "AUDIT_SUCCESS",
    "SeverityValue": 2,
    "Severity": "INFO",
    "EventID": 4688,
    "SourceName": "Microsoft-Windows-Security-Auditing",
    "ProviderGuid": "{54849625-5478-4994-A5BA-3E3B0328C30D}",
    "Version": 2,
    "Task": 13312,
    "OpcodeValue": 0,
    "RecordNumber": 2000004,
    "ProcessID": 520,
    "ThreadID": 702,
    "Channel": "Security",
    "Message": "A new process has been created",
    "Category": "Process Creation",
    "Opcode": "Info",
    "EventData": {
      "SubjectUserSid": "S-1-5-21-1234567890-123456789-123456789-1007",
      "SubjectUserName": "user7",
      "SubjectDomainName": "CONTOSO",
      "NewProcessId": "0x3e7",
      "NewProcessName": "C:\\Windows\\System32\\cmd.exe",
      "TokenElevationType": "%%1936",
      "ProcessId": "0x2f4",
      "CommandLine": "cmd.exe /c whoami",
      "ParentProcessName": "C:\\Windows\\explorer.exe",
      "IpAddress": "116.227.215.209"
    }
  },
  {
    "EventTime": "2025-10-29 12:54:45",
    "Hostname": "WIN-SRV-01.contoso.local",
    "Keywords": "-9218868437227405312",
    "EventType": "AUDIT_SUCCESS",
    "SeverityValue": 2,
    "Severity": "INFO",
    "EventID": 4698,
    "SourceName": "Microsoft-Windows-Security-Auditing",
    "ProviderGuid": "{54849625-5478-4994-A5BA-3E3B0328C30D}",
    "Version": 0,
    "Task": 12804,
    "OpcodeValue": 0,
    "RecordNumber": 2000005,
    "ProcessID": 520,
    "ThreadID": 703,
    "Channel": "Security",
    "Message": "A scheduled task was created",
    "Category": "Task Creation",
    "Opcode": "Info",
    "EventData": {
      "SubjectUserSid": "S-1-5-21-1234567890-123456789-123456789-1007",
      "SubjectUserName": "user7",
      "SubjectDomainName": "CONTOSO",
      "TaskName": "\\Microsoft\\Windows\\Update\\malicious_task",
      "TaskContent": "powershell.exe -EncodedCommand aW52b2tl",
      "IpAddress": "116.227.215.209"
    }
  }
]